Last metadata expiration check: 0:05:14 ago on Mon 16 May 2022 01:28:54 PM EDT.
Dependencies resolved.
================================================================================
 Package               Arch        Version                 Repository      Size
================================================================================
Installing:
 cmake                 x86_64      3.20.2-4.el8            appstream       12 M
Installing dependencies:
 cmake-data            noarch      3.20.2-4.el8            appstream      1.7 M
 cmake-filesystem      x86_64      3.20.2-4.el8            appstream       43 k
 cmake-rpm-macros      noarch      3.20.2-4.el8            appstream       43 k
 libuv                 x86_64      1:1.41.1-1.el8_4        appstream      155 k

Transaction Summary
================================================================================
Install  5 Packages

Total download size: 14 M
Installed size: 39 M
Is this ok [y/N]: Downloading Packages:
(1/5): cmake-filesystem-3.20.2-4.el8.x86_64.rpm  29 kB/s |  43 kB     00:01    
(2/5): cmake-rpm-macros-3.20.2-4.el8.noarch.rpm 387 kB/s |  43 kB     00:00    
(3/5): cmake-data-3.20.2-4.el8.noarch.rpm       950 kB/s | 1.7 MB     00:01    
(4/5): libuv-1.41.1-1.el8_4.x86_64.rpm          539 kB/s | 155 kB     00:00    
(5/5): cmake-3.20.2-4.el8.x86_64.rpm            4.8 MB/s |  12 MB     00:02    
--------------------------------------------------------------------------------
Total                                           5.5 MB/s |  14 MB     00:02     
Running transaction check
Transaction check succeeded.
Running transaction test
Transaction test succeeded.
Running transaction
  Preparing        :                                                        1/1 
  Installing       : cmake-rpm-macros-3.20.2-4.el8.noarch                   1/5 
  Installing       : cmake-filesystem-3.20.2-4.el8.x86_64                   2/5 
  Installing       : libuv-1:1.41.1-1.el8_4.x86_64                          3/5 
  Installing       : cmake-data-3.20.2-4.el8.noarch                         4/5 
  Installing       : cmake-3.20.2-4.el8.x86_64                              5/5 
  Running scriptlet: cmake-3.20.2-4.el8.x86_64                              5/5 
  Verifying        : cmake-3.20.2-4.el8.x86_64                              1/5 
  Verifying        : cmake-data-3.20.2-4.el8.noarch                         2/5 
  Verifying        : cmake-filesystem-3.20.2-4.el8.x86_64                   3/5 
  Verifying        : cmake-rpm-macros-3.20.2-4.el8.noarch                   4/5 
  Verifying        : libuv-1:1.41.1-1.el8_4.x86_64                          5/5 

Installed:
  cmake-3.20.2-4.el8.x86_64              cmake-data-3.20.2-4.el8.noarch        
  cmake-filesystem-3.20.2-4.el8.x86_64   cmake-rpm-macros-3.20.2-4.el8.noarch  
  libuv-1:1.41.1-1.el8_4.x86_64         

Complete!
