Last metadata expiration check: 0:00:17 ago on Thu 12 May 2022 05:07:30 PM EDT.
Dependencies resolved.
===========================================================================================================================================================================================================
 Package                                              Architecture                               Version                                               Repository                                     Size
===========================================================================================================================================================================================================
Installing:
 git                                                  x86_64                                     2.27.0-1.el8                                          appstream                                     163 k
Installing dependencies:
 git-core                                             x86_64                                     2.27.0-1.el8                                          appstream                                     5.7 M
 git-core-doc                                         noarch                                     2.27.0-1.el8                                          appstream                                     2.5 M
 perl-Error                                           noarch                                     1:0.17025-2.el8                                       appstream                                      45 k
 perl-Git                                             noarch                                     2.27.0-1.el8                                          appstream                                      76 k
 perl-TermReadKey                                     x86_64                                     2.37-7.el8                                            appstream                                      39 k

Transaction Summary
===========================================================================================================================================================================================================
Install  6 Packages

Total download size: 8.5 M
Installed size: 45 M
Is this ok [y/N]: y
Downloading Packages:
(1/6): git-2.27.0-1.el8.x86_64.rpm                                                                                                                                         329 kB/s | 163 kB     00:00    
(2/6): perl-Error-0.17025-2.el8.noarch.rpm                                                                                                                                 367 kB/s |  45 kB     00:00    
(3/6): perl-Git-2.27.0-1.el8.noarch.rpm                                                                                                                                    577 kB/s |  76 kB     00:00    
(4/6): git-core-doc-2.27.0-1.el8.noarch.rpm                                                                                                                                2.8 MB/s | 2.5 MB     00:00    
(5/6): perl-TermReadKey-2.37-7.el8.x86_64.rpm                                                                                                                              177 kB/s |  39 kB     00:00    
(6/6): git-core-2.27.0-1.el8.x86_64.rpm                                                                                                                                    4.6 MB/s | 5.7 MB     00:01    
-----------------------------------------------------------------------------------------------------------------------------------------------------------------------------------------------------------
Total                                                                                                                                                                      6.5 MB/s | 8.5 MB     00:01     
Rocky Linux 8 - AppStream                                                                                                                                                  1.6 MB/s | 1.6 kB     00:00    
Importing GPG key 0x6D745A60:
 Userid     : "Release Engineering <infrastructure@rockylinux.org>"
 Fingerprint: 7051 C470 A929 F454 CEBE 37B7 15AF 5DAC 6D74 5A60
 From       : /etc/pki/rpm-gpg/RPM-GPG-KEY-rockyofficial
Is this ok [y/N]: y
Key imported successfully
Running transaction check
Transaction check succeeded.
Running transaction test
Transaction test succeeded.
Running transaction
  Preparing        :                                                                                                                                                                                   1/1 
  Installing       : git-core-2.27.0-1.el8.x86_64                                                                                                                                                      1/6 
  Installing       : git-core-doc-2.27.0-1.el8.noarch                                                                                                                                                  2/6 
  Installing       : perl-TermReadKey-2.37-7.el8.x86_64                                                                                                                                                3/6 
  Installing       : perl-Error-1:0.17025-2.el8.noarch                                                                                                                                                 4/6 
  Installing       : perl-Git-2.27.0-1.el8.noarch                                                                                                                                                      5/6 
  Installing       : git-2.27.0-1.el8.x86_64                                                                                                                                                           6/6 
  Running scriptlet: git-2.27.0-1.el8.x86_64                                                                                                                                                           6/6 
  Verifying        : git-2.27.0-1.el8.x86_64                                                                                                                                                           1/6 
  Verifying        : git-core-2.27.0-1.el8.x86_64                                                                                                                                                      2/6 
  Verifying        : git-core-doc-2.27.0-1.el8.noarch                                                                                                                                                  3/6 
  Verifying        : perl-Error-1:0.17025-2.el8.noarch                                                                                                                                                 4/6 
  Verifying        : perl-Git-2.27.0-1.el8.noarch                                                                                                                                                      5/6 
  Verifying        : perl-TermReadKey-2.37-7.el8.x86_64                                                                                                                                                6/6 

Installed:
  git-2.27.0-1.el8.x86_64    git-core-2.27.0-1.el8.x86_64    git-core-doc-2.27.0-1.el8.noarch    perl-Error-1:0.17025-2.el8.noarch    perl-Git-2.27.0-1.el8.noarch    perl-TermReadKey-2.37-7.el8.x86_64   

Complete!
