Last metadata expiration check: 0:24:22 ago on Thu 12 May 2022 05:07:30 PM EDT.
Package wget-1.19.5-10.el8.x86_64 is already installed.
Package squashfs-tools-4.3-20.el8.x86_64 is already installed.
Package cryptsetup-2.3.3-4.el8_5.1.x86_64 is already installed.
Dependencies resolved.
================================================================================
 Package                 Arch       Version                 Repository     Size
================================================================================
Installing:
 libseccomp-devel        x86_64     2.5.1-1.el8             appstream      56 k
 libuuid-devel           x86_64     2.32.1-28.el8           baseos         96 k
 openssl-devel           x86_64     1:1.1.1k-6.el8_5        baseos        2.3 M
Installing dependencies:
 keyutils-libs-devel     x86_64     1.5.10-9.el8            baseos         47 k
 krb5-devel              x86_64     1.18.2-14.el8           baseos        559 k
 libcom_err-devel        x86_64     1.45.6-2.el8            baseos         37 k
 libkadm5                x86_64     1.18.2-14.el8           baseos        186 k
 libselinux-devel        x86_64     2.9-5.el8               baseos        199 k
 libsepol-devel          x86_64     2.9-3.el8               baseos         86 k
 libverto-devel          x86_64     0.3.0-5.el8             baseos         17 k
 pcre2-devel             x86_64     10.32-2.el8             baseos        604 k
 pcre2-utf16             x86_64     10.32-2.el8             baseos        228 k
 pcre2-utf32             x86_64     10.32-2.el8             baseos        219 k
 zlib-devel              x86_64     1.2.11-18.el8_5         baseos         57 k

Transaction Summary
================================================================================
Install  14 Packages

Total download size: 4.7 M
Installed size: 8.3 M
Downloading Packages:
(1/14): libseccomp-devel-2.5.1-1.el8.x86_64.rpm 154 kB/s |  56 kB     00:00    
(2/14): keyutils-libs-devel-1.5.10-9.el8.x86_64  38 kB/s |  47 kB     00:01    
(3/14): libcom_err-devel-1.45.6-2.el8.x86_64.rp  39 kB/s |  37 kB     00:00    
(4/14): libkadm5-1.18.2-14.el8.x86_64.rpm       761 kB/s | 186 kB     00:00    
(5/14): krb5-devel-1.18.2-14.el8.x86_64.rpm     358 kB/s | 559 kB     00:01    
(6/14): libselinux-devel-2.9-5.el8.x86_64.rpm   618 kB/s | 199 kB     00:00    
(7/14): libsepol-devel-2.9-3.el8.x86_64.rpm     431 kB/s |  86 kB     00:00    
(8/14): libuuid-devel-2.32.1-28.el8.x86_64.rpm  578 kB/s |  96 kB     00:00    
(9/14): libverto-devel-0.3.0-5.el8.x86_64.rpm   108 kB/s |  17 kB     00:00    
(10/14): pcre2-devel-10.32-2.el8.x86_64.rpm     3.1 MB/s | 604 kB     00:00    
(11/14): pcre2-utf16-10.32-2.el8.x86_64.rpm     1.1 MB/s | 228 kB     00:00    
(12/14): pcre2-utf32-10.32-2.el8.x86_64.rpm     1.4 MB/s | 219 kB     00:00    
(13/14): zlib-devel-1.2.11-18.el8_5.x86_64.rpm  426 kB/s |  57 kB     00:00    
(14/14): openssl-devel-1.1.1k-6.el8_5.x86_64.rp 3.9 MB/s | 2.3 MB     00:00    
--------------------------------------------------------------------------------
Total                                           2.0 MB/s | 4.7 MB     00:02     
Running transaction check
Transaction check succeeded.
Running transaction test
Transaction test succeeded.
Running transaction
  Preparing        :                                                        1/1 
  Installing       : zlib-devel-1.2.11-18.el8_5.x86_64                     1/14 
  Installing       : pcre2-utf32-10.32-2.el8.x86_64                        2/14 
  Installing       : pcre2-utf16-10.32-2.el8.x86_64                        3/14 
  Installing       : pcre2-devel-10.32-2.el8.x86_64                        4/14 
  Installing       : libverto-devel-0.3.0-5.el8.x86_64                     5/14 
  Installing       : libsepol-devel-2.9-3.el8.x86_64                       6/14 
  Installing       : libselinux-devel-2.9-5.el8.x86_64                     7/14 
  Installing       : libkadm5-1.18.2-14.el8.x86_64                         8/14 
  Installing       : libcom_err-devel-1.45.6-2.el8.x86_64                  9/14 
  Installing       : keyutils-libs-devel-1.5.10-9.el8.x86_64              10/14 
  Installing       : krb5-devel-1.18.2-14.el8.x86_64                      11/14 
  Installing       : openssl-devel-1:1.1.1k-6.el8_5.x86_64                12/14 
  Installing       : libuuid-devel-2.32.1-28.el8.x86_64                   13/14 
  Installing       : libseccomp-devel-2.5.1-1.el8.x86_64                  14/14 
  Running scriptlet: libseccomp-devel-2.5.1-1.el8.x86_64                  14/14 
  Verifying        : libseccomp-devel-2.5.1-1.el8.x86_64                   1/14 
  Verifying        : keyutils-libs-devel-1.5.10-9.el8.x86_64               2/14 
  Verifying        : krb5-devel-1.18.2-14.el8.x86_64                       3/14 
  Verifying        : libcom_err-devel-1.45.6-2.el8.x86_64                  4/14 
  Verifying        : libkadm5-1.18.2-14.el8.x86_64                         5/14 
  Verifying        : libselinux-devel-2.9-5.el8.x86_64                     6/14 
  Verifying        : libsepol-devel-2.9-3.el8.x86_64                       7/14 
  Verifying        : libuuid-devel-2.32.1-28.el8.x86_64                    8/14 
  Verifying        : libverto-devel-0.3.0-5.el8.x86_64                     9/14 
  Verifying        : openssl-devel-1:1.1.1k-6.el8_5.x86_64                10/14 
  Verifying        : pcre2-devel-10.32-2.el8.x86_64                       11/14 
  Verifying        : pcre2-utf16-10.32-2.el8.x86_64                       12/14 
  Verifying        : pcre2-utf32-10.32-2.el8.x86_64                       13/14 
  Verifying        : zlib-devel-1.2.11-18.el8_5.x86_64                    14/14 

Installed:
  keyutils-libs-devel-1.5.10-9.el8.x86_64 krb5-devel-1.18.2-14.el8.x86_64      
  libcom_err-devel-1.45.6-2.el8.x86_64    libkadm5-1.18.2-14.el8.x86_64        
  libseccomp-devel-2.5.1-1.el8.x86_64     libselinux-devel-2.9-5.el8.x86_64    
  libsepol-devel-2.9-3.el8.x86_64         libuuid-devel-2.32.1-28.el8.x86_64   
  libverto-devel-0.3.0-5.el8.x86_64       openssl-devel-1:1.1.1k-6.el8_5.x86_64
  pcre2-devel-10.32-2.el8.x86_64          pcre2-utf16-10.32-2.el8.x86_64       
  pcre2-utf32-10.32-2.el8.x86_64          zlib-devel-1.2.11-18.el8_5.x86_64    

Complete!
